2024-07-21 16:37:58.708 [ main ] - [ INFO  ] [com.example.web_back.WebBackApplication : 50 ] - Starting WebBackApplication using Java 17.0.4.1 with PID 18776 (D:\MyCodes\MyBloggerWebSite\web_back\target\classes started by Yomig in D:\MyCodes\MyBloggerWebSite\web_back)
2024-07-21 16:37:58.712 [ main ] - [ INFO  ] [com.example.web_back.WebBackApplication : 654 ] - No active profile set, falling back to 1 default profile: "default"
2024-07-21 16:37:59.806 [ main ] - [ WARN  ] [org.mybatis.spring.mapper.ClassPathMapperScanner : 44 ] - No MyBatis mapper was found in '[com.example.web_back]' package. Please check your configuration.
2024-07-21 16:38:00.512 [ main ] - [ INFO  ] [org.apache.coyote.http11.Http11NioProtocol : 173 ] - Initializing ProtocolHandler ["http-nio-8080"]
2024-07-21 16:38:00.514 [ main ] - [ INFO  ] [org.apache.catalina.core.StandardService : 173 ] - Starting service [Tomcat]
2024-07-21 16:38:00.514 [ main ] - [ INFO  ] [org.apache.catalina.core.StandardEngine : 173 ] - Starting Servlet engine: [Apache Tomcat/10.1.26]
2024-07-21 16:38:00.599 [ main ] - [ INFO  ] [o.a.c.c.C.[Tomcat].[localhost].[/nko-api] : 173 ] - Initializing Spring embedded WebApplicationContext
2024-07-21 16:38:01.259 [ main ] - [ INFO  ] [org.apache.catalina.core.StandardService : 173 ] - Stopping service [Tomcat]
2024-07-21 16:38:42.041 [ main ] - [ INFO  ] [com.example.web_back.WebBackApplication : 50 ] - Starting WebBackApplication using Java 17.0.4.1 with PID 5380 (D:\MyCodes\MyBloggerWebSite\web_back\target\classes started by Yomig in D:\MyCodes\MyBloggerWebSite\web_back)
2024-07-21 16:38:42.044 [ main ] - [ INFO  ] [com.example.web_back.WebBackApplication : 654 ] - No active profile set, falling back to 1 default profile: "default"
2024-07-21 16:38:43.122 [ main ] - [ WARN  ] [org.mybatis.spring.mapper.ClassPathMapperScanner : 44 ] - No MyBatis mapper was found in '[com.example.web_back]' package. Please check your configuration.
2024-07-21 16:38:43.835 [ main ] - [ INFO  ] [org.apache.coyote.http11.Http11NioProtocol : 173 ] - Initializing ProtocolHandler ["http-nio-8080"]
2024-07-21 16:38:43.838 [ main ] - [ INFO  ] [org.apache.catalina.core.StandardService : 173 ] - Starting service [Tomcat]
2024-07-21 16:38:43.838 [ main ] - [ INFO  ] [org.apache.catalina.core.StandardEngine : 173 ] - Starting Servlet engine: [Apache Tomcat/10.1.26]
2024-07-21 16:38:43.922 [ main ] - [ INFO  ] [o.a.c.core.ContainerBase.[Tomcat].[localhost].[/] : 173 ] - Initializing Spring embedded WebApplicationContext
2024-07-21 16:38:44.443 [ main ] - [ INFO  ] [org.apache.catalina.core.StandardService : 173 ] - Stopping service [Tomcat]
2024-07-21 16:42:00.329 [ main ] - [ INFO  ] [com.example.web_back.WebBackApplication : 50 ] - Starting WebBackApplication using Java 17.0.4.1 with PID 10280 (D:\MyCodes\MyBloggerWebSite\web_back\target\classes started by Yomig in D:\MyCodes\MyBloggerWebSite\web_back)
2024-07-21 16:42:00.333 [ main ] - [ INFO  ] [com.example.web_back.WebBackApplication : 654 ] - No active profile set, falling back to 1 default profile: "default"
2024-07-21 16:42:01.467 [ main ] - [ WARN  ] [org.mybatis.spring.mapper.ClassPathMapperScanner : 44 ] - No MyBatis mapper was found in '[com.example.web_back]' package. Please check your configuration.
2024-07-21 16:42:02.338 [ main ] - [ INFO  ] [org.apache.coyote.http11.Http11NioProtocol : 173 ] - Initializing ProtocolHandler ["http-nio-8080"]
2024-07-21 16:42:02.340 [ main ] - [ INFO  ] [org.apache.catalina.core.StandardService : 173 ] - Starting service [Tomcat]
2024-07-21 16:42:02.340 [ main ] - [ INFO  ] [org.apache.catalina.core.StandardEngine : 173 ] - Starting Servlet engine: [Apache Tomcat/10.1.26]
2024-07-21 16:42:02.431 [ main ] - [ INFO  ] [o.a.c.core.ContainerBase.[Tomcat].[localhost].[/] : 173 ] - Initializing Spring embedded WebApplicationContext
2024-07-21 16:42:02.952 [ main ] - [ INFO  ] [org.apache.catalina.core.StandardService : 173 ] - Stopping service [Tomcat]
2024-07-21 16:42:27.280 [ main ] - [ INFO  ] [com.example.web_back.WebBackApplication : 50 ] - Starting WebBackApplication using Java 17.0.4.1 with PID 5072 (D:\MyCodes\MyBloggerWebSite\web_back\target\classes started by Yomig in D:\MyCodes\MyBloggerWebSite\web_back)
2024-07-21 16:42:27.284 [ main ] - [ INFO  ] [com.example.web_back.WebBackApplication : 654 ] - No active profile set, falling back to 1 default profile: "default"
2024-07-21 16:42:28.363 [ main ] - [ WARN  ] [org.mybatis.spring.mapper.ClassPathMapperScanner : 44 ] - No MyBatis mapper was found in '[com.example.web_back]' package. Please check your configuration.
2024-07-21 16:42:29.061 [ main ] - [ INFO  ] [org.apache.coyote.http11.Http11NioProtocol : 173 ] - Initializing ProtocolHandler ["http-nio-8071"]
2024-07-21 16:42:29.063 [ main ] - [ INFO  ] [org.apache.catalina.core.StandardService : 173 ] - Starting service [Tomcat]
2024-07-21 16:42:29.064 [ main ] - [ INFO  ] [org.apache.catalina.core.StandardEngine : 173 ] - Starting Servlet engine: [Apache Tomcat/10.1.26]
2024-07-21 16:42:29.151 [ main ] - [ INFO  ] [o.a.c.core.ContainerBase.[Tomcat].[localhost].[/] : 173 ] - Initializing Spring embedded WebApplicationContext
2024-07-21 16:42:29.671 [ main ] - [ INFO  ] [org.apache.catalina.core.StandardService : 173 ] - Stopping service [Tomcat]
2024-07-21 16:46:41.478 [ main ] - [ INFO  ] [com.example.web_back.WebBackApplication : 50 ] - Starting WebBackApplication using Java 17.0.4.1 with PID 2128 (D:\MyCodes\MyBloggerWebSite\web_back\target\classes started by Yomig in D:\MyCodes\MyBloggerWebSite\web_back)
2024-07-21 16:46:41.482 [ main ] - [ INFO  ] [com.example.web_back.WebBackApplication : 654 ] - No active profile set, falling back to 1 default profile: "default"
2024-07-21 16:46:42.606 [ main ] - [ WARN  ] [org.mybatis.spring.mapper.ClassPathMapperScanner : 44 ] - No MyBatis mapper was found in '[com.example.web_back]' package. Please check your configuration.
2024-07-21 16:46:43.312 [ main ] - [ INFO  ] [org.apache.coyote.http11.Http11NioProtocol : 173 ] - Initializing ProtocolHandler ["http-nio-8071"]
2024-07-21 16:46:43.314 [ main ] - [ INFO  ] [org.apache.catalina.core.StandardService : 173 ] - Starting service [Tomcat]
2024-07-21 16:46:43.315 [ main ] - [ INFO  ] [org.apache.catalina.core.StandardEngine : 173 ] - Starting Servlet engine: [Apache Tomcat/10.1.26]
2024-07-21 16:46:43.401 [ main ] - [ INFO  ] [o.a.c.core.ContainerBase.[Tomcat].[localhost].[/] : 173 ] - Initializing Spring embedded WebApplicationContext
2024-07-21 16:46:43.923 [ main ] - [ INFO  ] [org.apache.catalina.core.StandardService : 173 ] - Stopping service [Tomcat]
2024-07-21 17:08:47.607 [ main ] - [ INFO  ] [com.example.web_back.WebBackApplication : 50 ] - Starting WebBackApplication using Java 17.0.4.1 with PID 15508 (D:\MyCodes\MyBloggerWebSite\web_back\target\classes started by Yomig in D:\MyCodes\MyBloggerWebSite\web_back)
2024-07-21 17:08:47.610 [ main ] - [ INFO  ] [com.example.web_back.WebBackApplication : 654 ] - No active profile set, falling back to 1 default profile: "default"
2024-07-21 17:08:48.903 [ main ] - [ WARN  ] [org.mybatis.spring.mapper.ClassPathMapperScanner : 44 ] - No MyBatis mapper was found in '[com.example.web_back]' package. Please check your configuration.
2024-07-21 17:08:49.673 [ main ] - [ INFO  ] [org.apache.coyote.http11.Http11NioProtocol : 173 ] - Initializing ProtocolHandler ["http-nio-8080"]
2024-07-21 17:08:49.676 [ main ] - [ INFO  ] [org.apache.catalina.core.StandardService : 173 ] - Starting service [Tomcat]
2024-07-21 17:08:49.677 [ main ] - [ INFO  ] [org.apache.catalina.core.StandardEngine : 173 ] - Starting Servlet engine: [Apache Tomcat/10.1.26]
2024-07-21 17:08:49.779 [ main ] - [ INFO  ] [o.a.c.core.ContainerBase.[Tomcat].[localhost].[/] : 173 ] - Initializing Spring embedded WebApplicationContext
2024-07-21 17:08:50.340 [ main ] - [ INFO  ] [org.apache.catalina.core.StandardService : 173 ] - Stopping service [Tomcat]
2024-07-21 17:10:59.023 [ main ] - [ INFO  ] [com.example.web_back.WebBackApplication : 50 ] - Starting WebBackApplication using Java 17.0.4.1 with PID 17296 (D:\MyCodes\MyBloggerWebSite\web_back\target\classes started by Yomig in D:\MyCodes\MyBloggerWebSite\web_back)
2024-07-21 17:10:59.027 [ main ] - [ INFO  ] [com.example.web_back.WebBackApplication : 654 ] - No active profile set, falling back to 1 default profile: "default"
2024-07-21 17:11:01.248 [ main ] - [ INFO  ] [org.apache.coyote.http11.Http11NioProtocol : 173 ] - Initializing ProtocolHandler ["http-nio-8080"]
2024-07-21 17:11:01.250 [ main ] - [ INFO  ] [org.apache.catalina.core.StandardService : 173 ] - Starting service [Tomcat]
2024-07-21 17:11:01.250 [ main ] - [ INFO  ] [org.apache.catalina.core.StandardEngine : 173 ] - Starting Servlet engine: [Apache Tomcat/10.1.26]
2024-07-21 17:11:01.335 [ main ] - [ INFO  ] [o.a.c.c.C.[Tomcat].[localhost].[/nko-api] : 173 ] - Initializing Spring embedded WebApplicationContext
2024-07-21 17:11:01.749 [ main ] - [ INFO  ] [org.apache.catalina.core.StandardService : 173 ] - Stopping service [Tomcat]
2024-07-21 17:11:52.976 [ main ] - [ INFO  ] [com.example.web_back.WebBackApplication : 50 ] - Starting WebBackApplication using Java 17.0.4.1 with PID 16612 (D:\MyCodes\MyBloggerWebSite\web_back\target\classes started by Yomig in D:\MyCodes\MyBloggerWebSite\web_back)
2024-07-21 17:11:52.981 [ main ] - [ INFO  ] [com.example.web_back.WebBackApplication : 654 ] - No active profile set, falling back to 1 default profile: "default"
2024-07-21 17:11:55.409 [ main ] - [ INFO  ] [org.apache.coyote.http11.Http11NioProtocol : 173 ] - Initializing ProtocolHandler ["http-nio-8080"]
2024-07-21 17:11:55.412 [ main ] - [ INFO  ] [org.apache.catalina.core.StandardService : 173 ] - Starting service [Tomcat]
2024-07-21 17:11:55.412 [ main ] - [ INFO  ] [org.apache.catalina.core.StandardEngine : 173 ] - Starting Servlet engine: [Apache Tomcat/10.1.26]
2024-07-21 17:11:55.522 [ main ] - [ INFO  ] [o.a.c.c.C.[Tomcat].[localhost].[/nko-api] : 173 ] - Initializing Spring embedded WebApplicationContext
2024-07-21 17:11:56.068 [ main ] - [ INFO  ] [org.apache.catalina.core.StandardService : 173 ] - Stopping service [Tomcat]
2024-07-21 17:15:02.528 [ main ] - [ INFO  ] [com.example.web_back.WebBackApplication : 50 ] - Starting WebBackApplication using Java 17.0.4.1 with PID 8872 (D:\MyCodes\MyBloggerWebSite\web_back\target\classes started by Yomig in D:\MyCodes\MyBloggerWebSite\web_back)
2024-07-21 17:15:02.531 [ main ] - [ INFO  ] [com.example.web_back.WebBackApplication : 654 ] - No active profile set, falling back to 1 default profile: "default"
2024-07-21 17:15:04.739 [ main ] - [ INFO  ] [org.apache.coyote.http11.Http11NioProtocol : 173 ] - Initializing ProtocolHandler ["http-nio-8080"]
2024-07-21 17:15:04.742 [ main ] - [ INFO  ] [org.apache.catalina.core.StandardService : 173 ] - Starting service [Tomcat]
2024-07-21 17:15:04.742 [ main ] - [ INFO  ] [org.apache.catalina.core.StandardEngine : 173 ] - Starting Servlet engine: [Apache Tomcat/10.1.26]
2024-07-21 17:15:04.843 [ main ] - [ INFO  ] [o.a.c.c.C.[Tomcat].[localhost].[/nko-api] : 173 ] - Initializing Spring embedded WebApplicationContext
2024-07-21 17:15:05.282 [ main ] - [ INFO  ] [org.apache.catalina.core.StandardService : 173 ] - Stopping service [Tomcat]
2024-07-21 17:17:01.662 [ main ] - [ INFO  ] [com.example.web_back.WebBackApplication : 50 ] - Starting WebBackApplication using Java 17.0.4.1 with PID 9728 (D:\MyCodes\MyBloggerWebSite\web_back\target\classes started by Yomig in D:\MyCodes\MyBloggerWebSite\web_back)
2024-07-21 17:17:01.666 [ main ] - [ INFO  ] [com.example.web_back.WebBackApplication : 654 ] - No active profile set, falling back to 1 default profile: "default"
2024-07-21 17:17:03.921 [ main ] - [ INFO  ] [org.apache.coyote.http11.Http11NioProtocol : 173 ] - Initializing ProtocolHandler ["http-nio-8080"]
2024-07-21 17:17:03.924 [ main ] - [ INFO  ] [org.apache.catalina.core.StandardService : 173 ] - Starting service [Tomcat]
2024-07-21 17:17:03.924 [ main ] - [ INFO  ] [org.apache.catalina.core.StandardEngine : 173 ] - Starting Servlet engine: [Apache Tomcat/10.1.26]
2024-07-21 17:17:04.022 [ main ] - [ INFO  ] [o.a.c.c.C.[Tomcat].[localhost].[/nko-api] : 173 ] - Initializing Spring embedded WebApplicationContext
2024-07-21 17:17:04.447 [ main ] - [ INFO  ] [org.apache.catalina.core.StandardService : 173 ] - Stopping service [Tomcat]
2024-07-21 17:21:50.090 [ main ] - [ INFO  ] [com.example.web_back.WebBackApplication : 50 ] - Starting WebBackApplication using Java 17.0.4.1 with PID 5608 (D:\MyCodes\MyBloggerWebSite\web_back\target\classes started by Yomig in D:\MyCodes\MyBloggerWebSite\web_back)
2024-07-21 17:21:50.095 [ main ] - [ INFO  ] [com.example.web_back.WebBackApplication : 654 ] - No active profile set, falling back to 1 default profile: "default"
2024-07-21 17:21:52.274 [ main ] - [ INFO  ] [org.apache.coyote.http11.Http11NioProtocol : 173 ] - Initializing ProtocolHandler ["http-nio-8080"]
2024-07-21 17:21:52.277 [ main ] - [ INFO  ] [org.apache.catalina.core.StandardService : 173 ] - Starting service [Tomcat]
2024-07-21 17:21:52.278 [ main ] - [ INFO  ] [org.apache.catalina.core.StandardEngine : 173 ] - Starting Servlet engine: [Apache Tomcat/10.1.26]
2024-07-21 17:21:52.358 [ main ] - [ INFO  ] [o.a.c.c.C.[Tomcat].[localhost].[/nko-api] : 173 ] - Initializing Spring embedded WebApplicationContext
2024-07-21 17:21:52.778 [ main ] - [ INFO  ] [org.apache.catalina.core.StandardService : 173 ] - Stopping service [Tomcat]
2024-07-21 17:25:39.695 [ main ] - [ INFO  ] [com.example.web_back.WebBackApplication : 50 ] - Starting WebBackApplication using Java 17.0.4.1 with PID 14764 (D:\MyCodes\MyBloggerWebSite\web_back\target\classes started by Yomig in D:\MyCodes\MyBloggerWebSite\web_back)
2024-07-21 17:25:39.700 [ main ] - [ INFO  ] [com.example.web_back.WebBackApplication : 654 ] - No active profile set, falling back to 1 default profile: "default"
2024-07-21 17:25:41.975 [ main ] - [ INFO  ] [org.apache.coyote.http11.Http11NioProtocol : 173 ] - Initializing ProtocolHandler ["http-nio-8080"]
2024-07-21 17:25:41.978 [ main ] - [ INFO  ] [org.apache.catalina.core.StandardService : 173 ] - Starting service [Tomcat]
2024-07-21 17:25:41.978 [ main ] - [ INFO  ] [org.apache.catalina.core.StandardEngine : 173 ] - Starting Servlet engine: [Apache Tomcat/10.1.26]
2024-07-21 17:25:42.062 [ main ] - [ INFO  ] [o.a.c.c.C.[Tomcat].[localhost].[/nko-api] : 173 ] - Initializing Spring embedded WebApplicationContext
2024-07-21 17:25:43.564 [ main ] - [ INFO  ] [org.quartz.impl.StdSchedulerFactory : 1220 ] - Using default implementation for ThreadExecutor
2024-07-21 17:25:43.579 [ main ] - [ INFO  ] [org.quartz.core.SchedulerSignalerImpl : 61 ] - Initialized Scheduler Signaller of type: class org.quartz.core.SchedulerSignalerImpl
2024-07-21 17:25:43.579 [ main ] - [ INFO  ] [org.quartz.core.QuartzScheduler : 229 ] - Quartz Scheduler v.2.3.2 created.
2024-07-21 17:25:43.581 [ main ] - [ INFO  ] [org.quartz.simpl.RAMJobStore : 155 ] - RAMJobStore initialized.
2024-07-21 17:25:43.581 [ main ] - [ INFO  ] [org.quartz.core.QuartzScheduler : 294 ] - Scheduler meta-data: Quartz Scheduler (v2.3.2) 'quartzScheduler' with instanceId 'NON_CLUSTERED'
  Scheduler class: 'org.quartz.core.QuartzScheduler' - running locally.
  NOT STARTED.
  Currently in standby mode.
  Number of jobs executed: 0
  Using thread pool 'org.quartz.simpl.SimpleThreadPool' - with 10 threads.
  Using job-store 'org.quartz.simpl.RAMJobStore' - which does not support persistence. and is not clustered.

2024-07-21 17:25:43.582 [ main ] - [ INFO  ] [org.quartz.impl.StdSchedulerFactory : 1374 ] - Quartz scheduler 'quartzScheduler' initialized from an externally provided properties instance.
2024-07-21 17:25:43.582 [ main ] - [ INFO  ] [org.quartz.impl.StdSchedulerFactory : 1378 ] - Quartz scheduler version: 2.3.2
2024-07-21 17:25:43.582 [ main ] - [ INFO  ] [org.quartz.core.QuartzScheduler : 2293 ] - JobFactory set to: org.springframework.scheduling.quartz.SpringBeanJobFactory@d3d5094
2024-07-21 17:25:43.657 [ main ] - [ INFO  ] [org.apache.coyote.http11.Http11NioProtocol : 173 ] - Starting ProtocolHandler ["http-nio-8080"]
2024-07-21 17:25:43.694 [ main ] - [ INFO  ] [org.quartz.core.QuartzScheduler : 547 ] - Scheduler quartzScheduler_$_NON_CLUSTERED started.
2024-07-21 17:25:43.717 [ main ] - [ INFO  ] [com.example.web_back.WebBackApplication : 56 ] - Started WebBackApplication in 4.868 seconds (process running for 5.731)
2024-07-21 17:26:03.816 [ SpringApplicationShutdownHook ] - [ INFO  ] [org.quartz.core.QuartzScheduler : 585 ] - Scheduler quartzScheduler_$_NON_CLUSTERED paused.
2024-07-21 17:26:04.232 [ SpringApplicationShutdownHook ] - [ INFO  ] [org.quartz.core.QuartzScheduler : 666 ] - Scheduler quartzScheduler_$_NON_CLUSTERED shutting down.
2024-07-21 17:26:04.232 [ SpringApplicationShutdownHook ] - [ INFO  ] [org.quartz.core.QuartzScheduler : 585 ] - Scheduler quartzScheduler_$_NON_CLUSTERED paused.
2024-07-21 17:26:04.233 [ SpringApplicationShutdownHook ] - [ INFO  ] [org.quartz.core.QuartzScheduler : 740 ] - Scheduler quartzScheduler_$_NON_CLUSTERED shutdown complete.
2024-07-21 17:27:53.431 [ main ] - [ INFO  ] [com.example.web_back.WebBackApplication : 50 ] - Starting WebBackApplication using Java 17.0.4.1 with PID 8456 (D:\MyCodes\MyBloggerWebSite\web_back\target\classes started by Yomig in D:\MyCodes\MyBloggerWebSite\web_back)
2024-07-21 17:27:53.435 [ main ] - [ INFO  ] [com.example.web_back.WebBackApplication : 654 ] - No active profile set, falling back to 1 default profile: "default"
2024-07-21 17:27:55.711 [ main ] - [ INFO  ] [org.apache.coyote.http11.Http11NioProtocol : 173 ] - Initializing ProtocolHandler ["http-nio-8080"]
2024-07-21 17:27:55.715 [ main ] - [ INFO  ] [org.apache.catalina.core.StandardService : 173 ] - Starting service [Tomcat]
2024-07-21 17:27:55.715 [ main ] - [ INFO  ] [org.apache.catalina.core.StandardEngine : 173 ] - Starting Servlet engine: [Apache Tomcat/10.1.26]
2024-07-21 17:27:55.817 [ main ] - [ INFO  ] [o.a.c.c.C.[Tomcat].[localhost].[/nko-api] : 173 ] - Initializing Spring embedded WebApplicationContext
2024-07-21 17:27:57.492 [ main ] - [ INFO  ] [org.quartz.impl.StdSchedulerFactory : 1220 ] - Using default implementation for ThreadExecutor
2024-07-21 17:27:57.507 [ main ] - [ INFO  ] [org.quartz.core.SchedulerSignalerImpl : 61 ] - Initialized Scheduler Signaller of type: class org.quartz.core.SchedulerSignalerImpl
2024-07-21 17:27:57.508 [ main ] - [ INFO  ] [org.quartz.core.QuartzScheduler : 229 ] - Quartz Scheduler v.2.3.2 created.
2024-07-21 17:27:57.509 [ main ] - [ INFO  ] [org.quartz.simpl.RAMJobStore : 155 ] - RAMJobStore initialized.
2024-07-21 17:27:57.510 [ main ] - [ INFO  ] [org.quartz.core.QuartzScheduler : 294 ] - Scheduler meta-data: Quartz Scheduler (v2.3.2) 'quartzScheduler' with instanceId 'NON_CLUSTERED'
  Scheduler class: 'org.quartz.core.QuartzScheduler' - running locally.
  NOT STARTED.
  Currently in standby mode.
  Number of jobs executed: 0
  Using thread pool 'org.quartz.simpl.SimpleThreadPool' - with 10 threads.
  Using job-store 'org.quartz.simpl.RAMJobStore' - which does not support persistence. and is not clustered.

2024-07-21 17:27:57.511 [ main ] - [ INFO  ] [org.quartz.impl.StdSchedulerFactory : 1374 ] - Quartz scheduler 'quartzScheduler' initialized from an externally provided properties instance.
2024-07-21 17:27:57.511 [ main ] - [ INFO  ] [org.quartz.impl.StdSchedulerFactory : 1378 ] - Quartz scheduler version: 2.3.2
2024-07-21 17:27:57.511 [ main ] - [ INFO  ] [org.quartz.core.QuartzScheduler : 2293 ] - JobFactory set to: org.springframework.scheduling.quartz.SpringBeanJobFactory@54bc3bcf
2024-07-21 17:27:57.587 [ main ] - [ INFO  ] [org.apache.coyote.http11.Http11NioProtocol : 173 ] - Starting ProtocolHandler ["http-nio-8080"]
2024-07-21 17:27:57.616 [ main ] - [ INFO  ] [org.quartz.core.QuartzScheduler : 547 ] - Scheduler quartzScheduler_$_NON_CLUSTERED started.
2024-07-21 17:27:57.630 [ main ] - [ INFO  ] [com.example.web_back.WebBackApplication : 56 ] - Started WebBackApplication in 5.119 seconds (process running for 6.015)
2024-07-21 17:28:11.002 [ http-nio-8080-exec-2 ] - [ INFO  ] [o.a.c.c.C.[Tomcat].[localhost].[/nko-api] : 173 ] - Initializing Spring DispatcherServlet 'dispatcherServlet'
2024-07-21 17:29:08.791 [ http-nio-8080-exec-3 ] - [ INFO  ] [com.zaxxer.hikari.HikariDataSource : 109 ] - HikariPool-1 - Starting...
2024-07-21 17:29:09.263 [ http-nio-8080-exec-3 ] - [ INFO  ] [com.zaxxer.hikari.pool.HikariPool : 554 ] - HikariPool-1 - Added connection com.mysql.cj.jdbc.ConnectionImpl@25c607a
2024-07-21 17:29:09.264 [ http-nio-8080-exec-3 ] - [ INFO  ] [com.zaxxer.hikari.HikariDataSource : 122 ] - HikariPool-1 - Start completed.
2024-07-21 17:31:09.285 [ SpringApplicationShutdownHook ] - [ INFO  ] [org.quartz.core.QuartzScheduler : 585 ] - Scheduler quartzScheduler_$_NON_CLUSTERED paused.
2024-07-21 17:31:09.632 [ SpringApplicationShutdownHook ] - [ INFO  ] [org.quartz.core.QuartzScheduler : 666 ] - Scheduler quartzScheduler_$_NON_CLUSTERED shutting down.
2024-07-21 17:31:09.632 [ SpringApplicationShutdownHook ] - [ INFO  ] [org.quartz.core.QuartzScheduler : 585 ] - Scheduler quartzScheduler_$_NON_CLUSTERED paused.
2024-07-21 17:31:09.634 [ SpringApplicationShutdownHook ] - [ INFO  ] [org.quartz.core.QuartzScheduler : 740 ] - Scheduler quartzScheduler_$_NON_CLUSTERED shutdown complete.
2024-07-21 17:31:09.649 [ SpringApplicationShutdownHook ] - [ INFO  ] [com.zaxxer.hikari.HikariDataSource : 349 ] - HikariPool-1 - Shutdown initiated...
2024-07-21 17:31:09.665 [ SpringApplicationShutdownHook ] - [ INFO  ] [com.zaxxer.hikari.HikariDataSource : 351 ] - HikariPool-1 - Shutdown completed.
